This is pdfTeX, Version 3.141592653-2.6-1.40.22 (TeX Live 2022/dev/Debian) (preloaded format=pdflatex 2023.12.25)  13 JAN 2024 15:41
entering extended mode
 restricted \write18 enabled.
 file:line:error style messages enabled.
 %&-line parsing enabled.
**/home/mendes/Desktop/IES/Resumos/Resumos.tex
(/home/mendes/Desktop/IES/Resumos/Resumos.tex
LaTeX2e <2021-11-15> patch level 1
L3 programming layer <2022-01-21> (/usr/share/texlive/texmf-dist/tex/latex/base/article.cls
Document Class: article 2021/10/04 v1.4n Standard LaTeX document class
(/usr/share/texlive/texmf-dist/tex/latex/base/size10.clo
File: size10.clo 2021/10/04 v1.4n Standard LaTeX file (size option)
)
\c@part=\count185
\c@section=\count186
\c@subsection=\count187
\c@subsubsection=\count188
\c@paragraph=\count189
\c@subparagraph=\count190
\c@figure=\count191
\c@table=\count192
\abovecaptionskip=\skip47
\belowcaptionskip=\skip48
\bibindent=\dimen138
) (/usr/share/texlive/texmf-dist/tex/latex/base/inputenc.sty
Package: inputenc 2021/02/14 v1.3d Input encoding file
\inpenc@prehook=\toks16
\inpenc@posthook=\toks17
) (/usr/share/texlive/texmf-dist/tex/latex/tools/indentfirst.sty
Package: indentfirst 1995/11/23 v1.03 Indent first paragraph (DPC)
) (/usr/share/texlive/texmf-dist/tex/latex/titling/titling.sty
Package: titling 2009/09/04 v2.1d maketitle typesetting
\thanksmarkwidth=\skip49
\thanksmargin=\skip50
\droptitle=\skip51
) (/usr/share/texlive/texmf-dist/tex/latex/geometry/geometry.sty
Package: geometry 2020/01/02 v5.9 Page Geometry
 (/usr/share/texlive/texmf-dist/tex/latex/graphics/keyval.sty
Package: keyval 2014/10/28 v1.15 key=value parser (DPC)
\KV@toks@=\toks18
) (/usr/share/texlive/texmf-dist/tex/generic/iftex/ifvtex.sty
Package: ifvtex 2019/10/25 v1.7 ifvtex legacy package. Use iftex instead.
 (/usr/share/texlive/texmf-dist/tex/generic/iftex/iftex.sty
Package: iftex 2020/03/06 v1.0d TeX engine tests
))
\Gm@cnth=\count193
\Gm@cntv=\count194
\c@Gm@tempcnt=\count195
\Gm@bindingoffset=\dimen139
\Gm@wd@mp=\dimen140
\Gm@odd@mp=\dimen141
\Gm@even@mp=\dimen142
\Gm@layoutwidth=\dimen143
\Gm@layoutheight=\dimen144
\Gm@layouthoffset=\dimen145
\Gm@layoutvoffset=\dimen146
\Gm@dimlist=\toks19
) (/usr/share/texlive/texmf-dist/tex/latex/graphics/graphicx.sty
Package: graphicx 2021/09/16 v1.2d Enhanced LaTeX Graphics (DPC,SPQR)
 (/usr/share/texlive/texmf-dist/tex/latex/graphics/graphics.sty
Package: graphics 2021/03/04 v1.4d Standard LaTeX Graphics (DPC,SPQR)
 (/usr/share/texlive/texmf-dist/tex/latex/graphics/trig.sty
Package: trig 2021/08/11 v1.11 sin cos tan (DPC)
) (/usr/share/texlive/texmf-dist/tex/latex/graphics-cfg/graphics.cfg
File: graphics.cfg 2016/06/04 v1.11 sample graphics configuration
)
Package graphics Info: Driver file: pdftex.def on input line 107.
 (/usr/share/texlive/texmf-dist/tex/latex/graphics-def/pdftex.def
File: pdftex.def 2020/10/05 v1.2a Graphics/color driver for pdftex
))
\Gin@req@height=\dimen147
\Gin@req@width=\dimen148
) (/usr/share/texlive/texmf-dist/tex/latex/enumitem/enumitem.sty
Package: enumitem 2019/06/20 v3.9 Customized lists
\labelindent=\skip52
\enit@outerparindent=\dimen149
\enit@toks=\toks20
\enit@inbox=\box50
\enit@count@id=\count196
\enitdp@description=\count197
) (/usr/share/texlive/texmf-dist/tex/latex/fancyhdr/fancyhdr.sty
Package: fancyhdr 2021/01/28 v4.0.1 Extensive control of page headers and footers
\f@nch@headwidth=\skip53
\f@nch@O@elh=\skip54
\f@nch@O@erh=\skip55
\f@nch@O@olh=\skip56
\f@nch@O@orh=\skip57
\f@nch@O@elf=\skip58
\f@nch@O@erf=\skip59
\f@nch@O@olf=\skip60
\f@nch@O@orf=\skip61
) (/usr/share/texlive/texmf-dist/tex/generic/ulem/ulem.sty
\UL@box=\box51
\UL@hyphenbox=\box52
\UL@skip=\skip62
\UL@hook=\toks21
\UL@height=\dimen150
\UL@pe=\count198
\UL@pixel=\dimen151
\ULC@box=\box53
Package: ulem 2019/11/18
\ULdepth=\dimen152
) (/usr/share/texlive/texmf-dist/tex/latex/xcolor/xcolor.sty
Package: xcolor 2021/10/31 v2.13 LaTeX color extensions (UK)
 (/usr/share/texlive/texmf-dist/tex/latex/graphics-cfg/color.cfg
File: color.cfg 2016/01/02 v1.6 sample color configuration
)
Package xcolor Info: Driver file: pdftex.def on input line 227.
Package xcolor Info: Model `cmy' substituted by `cmy0' on input line 1352.
Package xcolor Info: Model `hsb' substituted by `rgb' on input line 1356.
Package xcolor Info: Model `RGB' extended on input line 1368.
Package xcolor Info: Model `HTML' substituted by `rgb' on input line 1370.
Package xcolor Info: Model `Hsb' substituted by `hsb' on input line 1371.
Package xcolor Info: Model `tHsb' substituted by `hsb' on input line 1372.
Package xcolor Info: Model `HSB' substituted by `hsb' on input line 1373.
Package xcolor Info: Model `Gray' substituted by `gray' on input line 1374.
Package xcolor Info: Model `wave' substituted by `hsb' on input line 1375.
 (/usr/share/texlive/texmf-dist/tex/latex/graphics/dvipsnam.def
File: dvipsnam.def 2016/06/17 v3.0m Driver-dependent file (DPC,SPQR)
)) (/usr/share/texlive/texmf-dist/tex/latex/amsfonts/amssymb.sty
Package: amssymb 2013/01/14 v3.01 AMS font symbols
 (/usr/share/texlive/texmf-dist/tex/latex/amsfonts/amsfonts.sty
Package: amsfonts 2013/01/14 v3.01 Basic AMSFonts support
\@emptytoks=\toks22
\symAMSa=\mathgroup4
\symAMSb=\mathgroup5
LaTeX Font Info:    Redeclaring math symbol \hbar on input line 98.
LaTeX Font Info:    Overwriting math alphabet `\mathfrak' in version `bold'
(Font)                  U/euf/m/n --> U/euf/b/n on input line 106.
)) (/usr/share/texlive/texmf-dist/tex/latex/listings/listings.sty
\lst@mode=\count199
\lst@gtempboxa=\box54
\lst@token=\toks23
\lst@length=\count266
\lst@currlwidth=\dimen153
\lst@column=\count267
\lst@pos=\count268
\lst@lostspace=\dimen154
\lst@width=\dimen155
\lst@newlines=\count269
\lst@lineno=\count270
\lst@maxwidth=\dimen156
 (/usr/share/texlive/texmf-dist/tex/latex/listings/lstmisc.sty
File: lstmisc.sty 2020/03/24 1.8d (Carsten Heinz)
\c@lstnumber=\count271
\lst@skipnumbers=\count272
\lst@framebox=\box55
) (/usr/share/texlive/texmf-dist/tex/latex/listings/listings.cfg
File: listings.cfg 2020/03/24 1.8d listings configuration
))
Package: listings 2020/03/24 1.8d (Carsten Heinz)
 (/usr/share/texlive/texmf-dist/tex/latex/listings/lstlang1.sty
File: lstlang1.sty 2020/03/24 1.8d listings language file
) (/usr/share/texlive/texmf-dist/tex/latex/l3backend/l3backend-pdftex.def
File: l3backend-pdftex.def 2022-01-12 L3 backend support: PDF output (pdfTeX)
\l__color_backend_stack_int=\count273
\l__pdf_internal_box=\box56
) (./Resumos.aux)
\openout1 = `Resumos.aux'.

LaTeX Font Info:    Checking defaults for OML/cmm/m/it on input line 62.
LaTeX Font Info:    ... okay on input line 62.
LaTeX Font Info:    Checking defaults for OMS/cmsy/m/n on input line 62.
LaTeX Font Info:    ... okay on input line 62.
LaTeX Font Info:    Checking defaults for OT1/cmr/m/n on input line 62.
LaTeX Font Info:    ... okay on input line 62.
LaTeX Font Info:    Checking defaults for T1/cmr/m/n on input line 62.
LaTeX Font Info:    ... okay on input line 62.
LaTeX Font Info:    Checking defaults for TS1/cmr/m/n on input line 62.
LaTeX Font Info:    ... okay on input line 62.
LaTeX Font Info:    Checking defaults for OMX/cmex/m/n on input line 62.
LaTeX Font Info:    ... okay on input line 62.
LaTeX Font Info:    Checking defaults for U/cmr/m/n on input line 62.
LaTeX Font Info:    ... okay on input line 62.

*geometry* driver: auto-detecting
*geometry* detected driver: pdftex
*geometry* verbose mode - [ preamble ] result:
* driver: pdftex
* paper: a4paper
* layout: <same size as paper>
* layoutoffset:(h,v)=(0.0pt,0.0pt)
* modes: 
* h-part:(L,W,R)=(89.62709pt, 418.25368pt, 89.6271pt)
* v-part:(T,H,B)=(156.49014pt, 560.5193pt, 128.0374pt)
* \paperwidth=597.50787pt
* \paperheight=845.04684pt
* \textwidth=418.25368pt
* \textheight=560.5193pt
* \oddsidemargin=17.3571pt
* \evensidemargin=17.3571pt
* \topmargin=-54.59087pt
* \headheight=113.81102pt
* \headsep=25.0pt
* \topskip=10.0pt
* \footskip=113.81102pt
* \marginparwidth=65.0pt
* \marginparsep=11.0pt
* \columnsep=10.0pt
* \skip\footins=9.0pt plus 4.0pt minus 2.0pt
* \hoffset=0.0pt
* \voffset=0.0pt
* \mag=1000
* \@twocolumnfalse
* \@twosidefalse
* \@mparswitchfalse
* \@reversemarginfalse
* (1in=72.27pt=25.4mm, 1cm=28.453pt)

(/usr/share/texlive/texmf-dist/tex/context/base/mkii/supp-pdf.mkii
[Loading MPS to PDF converter (version 2006.09.02).]
\scratchcounter=\count274
\scratchdimen=\dimen157
\scratchbox=\box57
\nofMPsegments=\count275
\nofMParguments=\count276
\everyMPshowfont=\toks24
\MPscratchCnt=\count277
\MPscratchDim=\dimen158
\MPnumerator=\count278
\makeMPintoPDFobject=\count279
\everyMPtoPDFconversion=\toks25
) (/usr/share/texlive/texmf-dist/tex/latex/epstopdf-pkg/epstopdf-base.sty
Package: epstopdf-base 2020-01-24 v2.11 Base part for package epstopdf
Package epstopdf-base Info: Redefining graphics rule for `.eps' on input line 485.
 (/usr/share/texlive/texmf-dist/tex/latex/latexconfig/epstopdf-sys.cfg
File: epstopdf-sys.cfg 2010/07/13 v1.3 Configuration of (r)epstopdf for TeX Live
))
\c@lstlisting=\count280
LaTeX Font Info:    Trying to load font information for U+msa on input line 66.
 (/usr/share/texlive/texmf-dist/tex/latex/amsfonts/umsa.fd
File: umsa.fd 2013/01/14 v3.01 AMS symbols A
)
LaTeX Font Info:    Trying to load font information for U+msb on input line 66.
 (/usr/share/texlive/texmf-dist/tex/latex/amsfonts/umsb.fd
File: umsb.fd 2013/01/14 v3.01 AMS symbols B
)
<UA.png, id=1, 368.37625pt x 137.51375pt>
File: UA.png Graphic file (type png)
<use UA.png>
Package pdftex.def Info: UA.png  used on input line 68.
(pdftex.def)             Requested size: 147.34789pt x 55.00452pt.
 [1

{/var/lib/texmf/fonts/map/pdftex/updmap/pdftex.map} <./UA.png>]
<UA.jpg, id=10, 903.375pt x 903.375pt>
File: UA.jpg Graphic file (type jpg)
<use UA.jpg>
Package pdftex.def Info: UA.jpg  used on input line 134.
(pdftex.def)             Requested size: 9.02876pt x 9.02876pt.
 [1 <./UA.jpg>]
<./Images//1.png, id=18, 414.95026pt x 245.11575pt>
File: ./Images//1.png Graphic file (type png)
<use ./Images//1.png>
Package pdftex.def Info: ./Images//1.png  used on input line 181.
(pdftex.def)             Requested size: 207.47461pt x 122.55757pt.
File: UA.jpg Graphic file (type jpg)
<use UA.jpg>
Package pdftex.def Info: UA.jpg  used on input line 188.
(pdftex.def)             Requested size: 9.02876pt x 9.02876pt.
 [2 <./Images//1.png>]
<./Images//2.png, id=26, 275.8305pt x 257.16075pt>
File: ./Images//2.png Graphic file (type png)
<use ./Images//2.png>
Package pdftex.def Info: ./Images//2.png  used on input line 190.
(pdftex.def)             Requested size: 137.9149pt x 128.58005pt.
File: UA.jpg Graphic file (type jpg)
<use UA.jpg>
Package pdftex.def Info: UA.jpg  used on input line 233.
(pdftex.def)             Requested size: 9.02876pt x 9.02876pt.
 [3 <./Images//2.png>]
<./Images//3.png, id=31, 232.4685pt x 143.93774pt>
File: ./Images//3.png Graphic file (type png)
<use ./Images//3.png>
Package pdftex.def Info: ./Images//3.png  used on input line 272.
(pdftex.def)             Requested size: 139.48216pt x 86.3633pt.
File: UA.jpg Graphic file (type jpg)
<use UA.jpg>
Package pdftex.def Info: UA.jpg  used on input line 276.
(pdftex.def)             Requested size: 9.02876pt x 9.02876pt.
 [4 <./Images//3.png>]
<./Images//4.png, id=37, 383.031pt x 261.97874pt>
File: ./Images//4.png Graphic file (type png)
<use ./Images//4.png>
Package pdftex.def Info: ./Images//4.png  used on input line 306.
(pdftex.def)             Requested size: 191.51503pt x 130.98904pt.
File: UA.jpg Graphic file (type jpg)
<use UA.jpg>
Package pdftex.def Info: UA.jpg  used on input line 317.
(pdftex.def)             Requested size: 9.02876pt x 9.02876pt.
 [5 <./Images//4.png>]
<./Images//5.png, id=42, 160.1985pt x 104.18925pt>
File: ./Images//5.png Graphic file (type png)
<use ./Images//5.png>
Package pdftex.def Info: ./Images//5.png  used on input line 343.
(pdftex.def)             Requested size: 96.11983pt x 62.51402pt.
<./Images//6.png, id=43, 398.6895pt x 199.34476pt>
File: ./Images//6.png Graphic file (type png)
<use ./Images//6.png>
Package pdftex.def Info: ./Images//6.png  used on input line 349.
(pdftex.def)             Requested size: 239.21555pt x 119.60776pt.
<./Images//7.png, id=44, 440.24475pt x 131.89275pt>
File: ./Images//7.png Graphic file (type png)
<use ./Images//7.png>
Package pdftex.def Info: ./Images//7.png  used on input line 350.
(pdftex.def)             Requested size: 264.1489pt x 79.13625pt.
File: UA.jpg Graphic file (type jpg)
<use UA.jpg>
Package pdftex.def Info: UA.jpg  used on input line 354.
(pdftex.def)             Requested size: 9.02876pt x 9.02876pt.
 [6 <./Images//5.png> <./Images//6.png> <./Images//7.png>]
<./Images//8.png, id=52, 267.399pt x 74.679pt>
File: ./Images//8.png Graphic file (type png)
<use ./Images//8.png>
Package pdftex.def Info: ./Images//8.png  used on input line 366.
(pdftex.def)             Requested size: 160.44063pt x 44.80772pt.
<./Images//9.png, id=53, 405.9165pt x 237.88875pt>
File: ./Images//9.png Graphic file (type png)
<use ./Images//9.png>
Package pdftex.def Info: ./Images//9.png  used on input line 372.
(pdftex.def)             Requested size: 243.55177pt x 142.73433pt.
File: UA.jpg Graphic file (type jpg)
<use UA.jpg>
Package pdftex.def Info: UA.jpg  used on input line 400.
(pdftex.def)             Requested size: 9.02876pt x 9.02876pt.
 [7 <./Images//8.png> <./Images//9.png>]
File: UA.jpg Graphic file (type jpg)
<use UA.jpg>
Package pdftex.def Info: UA.jpg  used on input line 458.
(pdftex.def)             Requested size: 9.02876pt x 9.02876pt.
 [8]
<./Images//10.png, id=62, 404.10976pt x 230.66174pt>
File: ./Images//10.png Graphic file (type png)
<use ./Images//10.png>
Package pdftex.def Info: ./Images//10.png  used on input line 462.
(pdftex.def)             Requested size: 242.46771pt x 138.3981pt.
File: UA.jpg Graphic file (type jpg)
<use UA.jpg>
Package pdftex.def Info: UA.jpg  used on input line 509.
(pdftex.def)             Requested size: 9.02876pt x 9.02876pt.
 [9 <./Images//10.png>]
<./Images//11.png, id=67, 415.5525pt x 237.88875pt>
File: ./Images//11.png Graphic file (type png)
<use ./Images//11.png>
Package pdftex.def Info: ./Images//11.png  used on input line 513.
(pdftex.def)             Requested size: 249.33342pt x 142.73433pt.
File: UA.jpg Graphic file (type jpg)
<use UA.jpg>
Package pdftex.def Info: UA.jpg  used on input line 544.
(pdftex.def)             Requested size: 9.02876pt x 9.02876pt.
 [10 <./Images//11.png>]
<./Images//12.png, id=72, 522.753pt x 296.307pt>
File: ./Images//12.png Graphic file (type png)
<use ./Images//12.png>
Package pdftex.def Info: ./Images//12.png  used on input line 551.
(pdftex.def)             Requested size: 261.37585pt x 148.15314pt.
File: UA.jpg Graphic file (type jpg)
<use UA.jpg>
Package pdftex.def Info: UA.jpg  used on input line 591.
(pdftex.def)             Requested size: 9.02876pt x 9.02876pt.
 [11 <./Images//12.png>]
<./Images//13.png, id=77, 508.299pt x 365.56575pt>
File: ./Images//13.png Graphic file (type png)
<use ./Images//13.png>
Package pdftex.def Info: ./Images//13.png  used on input line 614.
(pdftex.def)             Requested size: 254.14886pt x 182.78242pt.
<./Images//14.png, id=78, 655.248pt x 366.168pt>
File: ./Images//14.png Graphic file (type png)
<use ./Images//14.png>
Package pdftex.def Info: ./Images//14.png  used on input line 620.
(pdftex.def)             Requested size: 209.68364pt x 117.17615pt.
<./Images//15.png, id=79, 622.7265pt x 369.17924pt>
File: ./Images//15.png Graphic file (type png)
<use ./Images//15.png>
Package pdftex.def Info: ./Images//15.png  used on input line 621.
(pdftex.def)             Requested size: 199.27655pt x 118.13977pt.
File: UA.jpg Graphic file (type jpg)
<use UA.jpg>
Package pdftex.def Info: UA.jpg  used on input line 625.
(pdftex.def)             Requested size: 9.02876pt x 9.02876pt.
 [12 <./Images//13.png> <./Images//14.png> <./Images//15.png>]
Overfull \hbox (0.54047pt too wide) in paragraph at lines 635--638
[]\OT1/cmr/bx/n/10 Processo Unifi-cado (UP)\OT1/cmr/m/n/10 : Um pro-cesso de soft-ware "use-case driven, arquitetura-centric,
 []

<./Images//16.png, id=87, 525.162pt x 410.7345pt>
File: ./Images//16.png Graphic file (type png)
<use ./Images//16.png>
Package pdftex.def Info: ./Images//16.png  used on input line 643.
(pdftex.def)             Requested size: 210.06108pt x 164.29088pt.
<./Images//17.png, id=88, 585.387pt x 406.51875pt>
File: ./Images//17.png Graphic file (type png)
<use ./Images//17.png>
Package pdftex.def Info: ./Images//17.png  used on input line 649.
(pdftex.def)             Requested size: 234.15065pt x 162.60461pt.
File: UA.jpg Graphic file (type jpg)
<use UA.jpg>
Package pdftex.def Info: UA.jpg  used on input line 653.
(pdftex.def)             Requested size: 9.02876pt x 9.02876pt.
[13 <./Images//16.png> <./Images//17.png>]
Overfull \hbox (5.0976pt too wide) in paragraph at lines 656--659
[]\OT1/cmr/bx/n/10 Processos Plan-Driven \OT1/cmr/m/n/10 s~ao pro-ces-sos onde to-das as ativi-dades s~ao planeadas |   []
 []

<./Images//18.png, id=94, 419.166pt x 249.3315pt>
File: ./Images//18.png Graphic file (type png)
<use ./Images//18.png>
Package pdftex.def Info: ./Images//18.png  used on input line 674.
(pdftex.def)             Requested size: 209.58249pt x 124.66544pt.
File: UA.jpg Graphic file (type jpg)
<use UA.jpg>
Package pdftex.def Info: UA.jpg  used on input line 710.
(pdftex.def)             Requested size: 9.02876pt x 9.02876pt.
[14 <./Images//18.png>]
<./Images//19.png, id=99, 460.72125pt x 381.22424pt>
File: ./Images//19.png Graphic file (type png)
<use ./Images//19.png>
Package pdftex.def Info: ./Images//19.png  used on input line 738.
(pdftex.def)             Requested size: 184.28523pt x 152.48698pt.
File: UA.jpg Graphic file (type jpg)
<use UA.jpg>
Package pdftex.def Info: UA.jpg  used on input line 762.
(pdftex.def)             Requested size: 9.02876pt x 9.02876pt.
 [15 <./Images//19.png>]
File: UA.jpg Graphic file (type jpg)
<use UA.jpg>
Package pdftex.def Info: UA.jpg  used on input line 801.
(pdftex.def)             Requested size: 9.02876pt x 9.02876pt.
 [16]
<./Images//20.png, id=107, 466.1415pt x 351.714pt>
File: ./Images//20.png Graphic file (type png)
<use ./Images//20.png>
Package pdftex.def Info: ./Images//20.png  used on input line 830.
(pdftex.def)             Requested size: 233.07018pt x 175.85657pt.
File: UA.jpg Graphic file (type jpg)
<use UA.jpg>
Package pdftex.def Info: UA.jpg  used on input line 836.
(pdftex.def)             Requested size: 9.02876pt x 9.02876pt.
 [17 <./Images//20.png>]
<./Images//21.png, id=112, 455.90324pt x 85.5195pt>
File: ./Images//21.png Graphic file (type png)
<use ./Images//21.png>
Package pdftex.def Info: ./Images//21.png  used on input line 854.
(pdftex.def)             Requested size: 227.95105pt x 42.75963pt.
<./Images//22.png, id=113, 345.08925pt x 139.11975pt>
File: ./Images//22.png Graphic file (type png)
<use ./Images//22.png>
Package pdftex.def Info: ./Images//22.png  used on input line 878.
(pdftex.def)             Requested size: 189.79967pt x 76.51608pt.
File: UA.jpg Graphic file (type jpg)
<use UA.jpg>
Package pdftex.def Info: UA.jpg  used on input line 882.
(pdftex.def)             Requested size: 9.02876pt x 9.02876pt.
 [18 <./Images//21.png> <./Images//22.png>]
<./Images//23.png, id=120, 437.83575pt x 256.5585pt>
File: ./Images//23.png Graphic file (type png)
<use ./Images//23.png>
Package pdftex.def Info: ./Images//23.png  used on input line 886.
(pdftex.def)             Requested size: 197.02426pt x 115.45026pt.
<./Images//24.png, id=121, 433.01775pt x 258.9675pt>
File: ./Images//24.png Graphic file (type png)
<use ./Images//24.png>
Package pdftex.def Info: ./Images//24.png  used on input line 887.
(pdftex.def)             Requested size: 194.85617pt x 116.53429pt.
File: UA.jpg Graphic file (type jpg)
<use UA.jpg>
Package pdftex.def Info: UA.jpg  used on input line 929.
(pdftex.def)             Requested size: 9.02876pt x 9.02876pt.
 [19 <./Images//23.png> <./Images//24.png>]
File: UA.jpg Graphic file (type jpg)
<use UA.jpg>
Package pdftex.def Info: UA.jpg  used on input line 1002.
(pdftex.def)             Requested size: 9.02876pt x 9.02876pt.
 [20]
<./Images//25.png, id=130, 413.74574pt x 229.45724pt>
File: ./Images//25.png Graphic file (type png)
<use ./Images//25.png>
Package pdftex.def Info: ./Images//25.png  used on input line 1014.
(pdftex.def)             Requested size: 206.87236pt x 114.72833pt.
File: UA.jpg Graphic file (type jpg)
<use UA.jpg>
Package pdftex.def Info: UA.jpg  used on input line 1052.
(pdftex.def)             Requested size: 9.02876pt x 9.02876pt.
 [21 <./Images//25.png>]
<./Images//26.png, id=135, 419.166pt x 227.04825pt>
File: ./Images//26.png Graphic file (type png)
<use ./Images//26.png>
Package pdftex.def Info: ./Images//26.png  used on input line 1118.
(pdftex.def)             Requested size: 188.62296pt x 102.17076pt.
File: UA.jpg Graphic file (type jpg)
<use UA.jpg>
Package pdftex.def Info: UA.jpg  used on input line 1122.
(pdftex.def)             Requested size: 9.02876pt x 9.02876pt.
 [22 <./Images//26.png>]
<./Images//27.png, id=140, 434.8245pt x 241.50224pt>
File: ./Images//27.png Graphic file (type png)
<use ./Images//27.png>
Package pdftex.def Info: ./Images//27.png  used on input line 1126.
(pdftex.def)             Requested size: 195.6692pt x 108.67499pt.
<./Images//28.png, id=141, 435.42674pt x 232.4685pt>
File: ./Images//28.png Graphic file (type png)
<use ./Images//28.png>
Package pdftex.def Info: ./Images//28.png  used on input line 1127.
(pdftex.def)             Requested size: 195.94022pt x 104.60985pt.
<./Images//29.png, id=142, 431.211pt x 171.039pt>
File: ./Images//29.png Graphic file (type png)
<use ./Images//29.png>
Package pdftex.def Info: ./Images//29.png  used on input line 1133.
(pdftex.def)             Requested size: 215.60497pt x 85.51929pt.
File: UA.jpg Graphic file (type jpg)
<use UA.jpg>
Package pdftex.def Info: UA.jpg  used on input line 1181.
(pdftex.def)             Requested size: 9.02876pt x 9.02876pt.
 [23 <./Images//27.png> <./Images//28.png> <./Images//29.png>]
<./Images//30.png, id=149, 531.78674pt x 228.855pt>
File: ./Images//30.png Graphic file (type png)
<use ./Images//30.png>
Package pdftex.def Info: ./Images//30.png  used on input line 1206.
(pdftex.def)             Requested size: 255.25473pt x 109.84914pt.
<./Images//31.png, id=150, 523.9575pt x 202.95825pt>
File: ./Images//31.png Graphic file (type png)
<use ./Images//31.png>
Package pdftex.def Info: ./Images//31.png  used on input line 1215.
(pdftex.def)             Requested size: 251.49673pt x 97.41884pt.
File: UA.jpg Graphic file (type jpg)
<use UA.jpg>
Package pdftex.def Info: UA.jpg  used on input line 1220.
(pdftex.def)             Requested size: 9.02876pt x 9.02876pt.
 [24 <./Images//30.png> <./Images//31.png>]
<./Images//32.png, id=157, 634.16925pt x 382.42876pt>
File: ./Images//32.png Graphic file (type png)
<use ./Images//32.png>
Package pdftex.def Info: ./Images//32.png  used on input line 1222.
(pdftex.def)             Requested size: 253.6632pt x 152.96878pt.
File: UA.jpg Graphic file (type jpg)
<use UA.jpg>
Package pdftex.def Info: UA.jpg  used on input line 1277.
(pdftex.def)             Requested size: 9.02876pt x 9.02876pt.
 [25 <./Images//32.png>]
File: UA.jpg Graphic file (type jpg)
<use UA.jpg>
Package pdftex.def Info: UA.jpg  used on input line 1326.
(pdftex.def)             Requested size: 9.02876pt x 9.02876pt.
 [26]
<./Images//33.png, id=165, 529.98pt x 404.10976pt>
File: ./Images//33.png Graphic file (type png)
<use ./Images//33.png>
Package pdftex.def Info: ./Images//33.png  used on input line 1338.
(pdftex.def)             Requested size: 238.48878pt x 181.8477pt.
<./Images//34.png, id=166, 313.77225pt x 216.81pt>
File: ./Images//34.png Graphic file (type png)
<use ./Images//34.png>
Package pdftex.def Info: ./Images//34.png  used on input line 1347.
(pdftex.def)             Requested size: 188.26479pt x 130.08699pt.
File: UA.jpg Graphic file (type jpg)
<use UA.jpg>
Package pdftex.def Info: UA.jpg  used on input line 1365.
(pdftex.def)             Requested size: 9.02876pt x 9.02876pt.
 [27 <./Images//33.png> <./Images//34.png>]
<./Images//35.png, id=172, 415.5525pt x 187.29974pt>
File: ./Images//35.png Graphic file (type png)
<use ./Images//35.png>
Package pdftex.def Info: ./Images//35.png  used on input line 1411.
(pdftex.def)             Requested size: 249.33342pt x 112.38069pt.
File: UA.jpg Graphic file (type jpg)
<use UA.jpg>
Package pdftex.def Info: UA.jpg  used on input line 1415.
(pdftex.def)             Requested size: 9.02876pt x 9.02876pt.
 [28 <./Images//35.png>]
<./Images//36.png, id=177, 365.56575pt x 190.91325pt>
File: ./Images//36.png Graphic file (type png)
<use ./Images//36.png>
Package pdftex.def Info: ./Images//36.png  used on input line 1431.
(pdftex.def)             Requested size: 201.06178pt x 105.00261pt.
<./Images//37.png, id=178, 582.37575pt x 331.83975pt>
File: ./Images//37.png Graphic file (type png)
<use ./Images//37.png>
Package pdftex.def Info: ./Images//37.png  used on input line 1437.
(pdftex.def)             Requested size: 320.30765pt x 182.51242pt.
File: UA.jpg Graphic file (type jpg)
<use UA.jpg>
Package pdftex.def Info: UA.jpg  used on input line 1441.
(pdftex.def)             Requested size: 9.02876pt x 9.02876pt.
 [29 <./Images//36.png> <./Images//37.png>]
Overfull \hbox (18.21819pt too wide) in paragraph at lines 1461--1463
[]\OT1/cmr/m/n/10 A uti-liza^^Xc~ao de c^^Sodigo faz com que as mu-dan^^Xcas na con-figura^^Xc~ao se-jam |   [] e |   []; 
 []

<./Images//38.png, id=184, 522.15076pt x 311.9655pt>
File: ./Images//38.png Graphic file (type png)
<use ./Images//38.png>
Package pdftex.def Info: ./Images//38.png  used on input line 1473.
(pdftex.def)             Requested size: 287.1838pt x 171.58154pt.
File: UA.jpg Graphic file (type jpg)
<use UA.jpg>
Package pdftex.def Info: UA.jpg  used on input line 1477.
(pdftex.def)             Requested size: 9.02876pt x 9.02876pt.
[30 <./Images//38.png>]
<./Images//39.png, id=190, 425.1885pt x 236.68425pt>
File: ./Images//39.png Graphic file (type png)
<use ./Images//39.png>
Package pdftex.def Info: ./Images//39.png  used on input line 1527.
(pdftex.def)             Requested size: 233.85439pt x 130.17673pt.
File: UA.jpg Graphic file (type jpg)
<use UA.jpg>
Package pdftex.def Info: UA.jpg  used on input line 1531.
(pdftex.def)             Requested size: 9.02876pt x 9.02876pt.
 [31 <./Images//39.png>]
<./Images//40.png, id=195, 387.24675pt x 323.40825pt>
File: ./Images//40.png Graphic file (type png)
<use ./Images//40.png>
Package pdftex.def Info: ./Images//40.png  used on input line 1542.
(pdftex.def)             Requested size: 212.98636pt x 177.87508pt.
File: UA.jpg Graphic file (type jpg)
<use UA.jpg>
Package pdftex.def Info: UA.jpg  used on input line 1566.
(pdftex.def)             Requested size: 9.02876pt x 9.02876pt.
 [32 <./Images//40.png>]
<./Images//41.png, id=200, 586.5915pt x 380.01974pt>
File: ./Images//41.png Graphic file (type png)
<use ./Images//41.png>
Package pdftex.def Info: ./Images//41.png  used on input line 1601.
(pdftex.def)             Requested size: 322.62633pt x 209.0115pt.
File: UA.jpg Graphic file (type jpg)
<use UA.jpg>
Package pdftex.def Info: UA.jpg  used on input line 1611.
(pdftex.def)             Requested size: 9.02876pt x 9.02876pt.
 [33 <./Images//41.png>]
File: UA.jpg Graphic file (type jpg)
<use UA.jpg>
Package pdftex.def Info: UA.jpg  used on input line 1682.
(pdftex.def)             Requested size: 9.02876pt x 9.02876pt.
 [34]
<./Images//42.png, id=208, 413.74574pt x 105.996pt>
File: ./Images//42.png Graphic file (type png)
<use ./Images//42.png>
Package pdftex.def Info: ./Images//42.png  used on input line 1700.
(pdftex.def)             Requested size: 165.49536pt x 42.39764pt.
<./Images//43.png, id=209, 447.47176pt x 127.07475pt>
File: ./Images//43.png Graphic file (type png)
<use ./Images//43.png>
Package pdftex.def Info: ./Images//43.png  used on input line 1718.
(pdftex.def)             Requested size: 201.36043pt x 57.1831pt.
<./Images//44.png, id=210, 389.65575pt x 158.994pt>
File: ./Images//44.png Graphic file (type png)
<use ./Images//44.png>
Package pdftex.def Info: ./Images//44.png  used on input line 1741.
(pdftex.def)             Requested size: 194.8274pt x 79.4968pt.
File: UA.jpg Graphic file (type jpg)
<use UA.jpg>
Package pdftex.def Info: UA.jpg  used on input line 1745.
(pdftex.def)             Requested size: 9.02876pt x 9.02876pt.
 [35 <./Images//42.png> <./Images//43.png> <./Images//44.png>]
File: UA.jpg Graphic file (type jpg)
<use UA.jpg>
Package pdftex.def Info: UA.jpg  used on input line 1795.
(pdftex.def)             Requested size: 9.02876pt x 9.02876pt.
 [36]
Overfull \hbox (2.5801pt too wide) in paragraph at lines 1798--1800
[]\OT1/cmr/m/n/10 DevOps n~ao ^^Se pu-ra-mente t^^Secnico, tamb^^Sem in-clui as-petos suma-riza-dos pelo acr^^Sonimo \OT1/cmr/bx/n/10 CALMS\OT1/cmr/m/n/10 : 
 []

<./Images//45.png, id=221, 393.26926pt x 204.16275pt>
File: ./Images//45.png Graphic file (type png)
<use ./Images//45.png>
Package pdftex.def Info: ./Images//45.png  used on input line 1802.
(pdftex.def)             Requested size: 235.96336pt x 122.49858pt.
<./Images//46.png, id=222, 411.33675pt x 109.00725pt>
File: ./Images//46.png Graphic file (type png)
<use ./Images//46.png>
Package pdftex.def Info: ./Images//46.png  used on input line 1832.
(pdftex.def)             Requested size: 246.80394pt x 65.40485pt.
File: UA.jpg Graphic file (type jpg)
<use UA.jpg>
Package pdftex.def Info: UA.jpg  used on input line 1836.
(pdftex.def)             Requested size: 9.02876pt x 9.02876pt.
[37 <./Images//45.png> <./Images//46.png>]
File: UA.jpg Graphic file (type jpg)
<use UA.jpg>
Package pdftex.def Info: UA.jpg  used on input line 1904.
(pdftex.def)             Requested size: 9.02876pt x 9.02876pt.
 [38]
<./Images//47.png, id=231, 443.85825pt x 290.2845pt>
File: ./Images//47.png Graphic file (type png)
<use ./Images//47.png>
Package pdftex.def Info: ./Images//47.png  used on input line 1906.
(pdftex.def)             Requested size: 266.31699pt x 174.17203pt.
File: UA.jpg Graphic file (type jpg)
<use UA.jpg>
Package pdftex.def Info: UA.jpg  used on input line 1940.
(pdftex.def)             Requested size: 9.02876pt x 9.02876pt.
 [39 <./Images//47.png>]
<./Images//48.png, id=236, 424.58624pt x 245.11575pt>
File: ./Images//48.png Graphic file (type png)
<use ./Images//48.png>
Package pdftex.def Info: ./Images//48.png  used on input line 1947.
(pdftex.def)             Requested size: 254.75371pt x 147.07057pt.
File: UA.jpg Graphic file (type jpg)
<use UA.jpg>
Package pdftex.def Info: UA.jpg  used on input line 1977.
(pdftex.def)             Requested size: 9.02876pt x 9.02876pt.
 [40 <./Images//48.png>]
<./Images//49.png, id=241, 419.76825pt x 239.6955pt>
File: ./Images//49.png Graphic file (type png)
<use ./Images//49.png>
Package pdftex.def Info: ./Images//49.png  used on input line 1981.
(pdftex.def)             Requested size: 251.86288pt x 143.81839pt.
<./Images//50.png, id=242, 201.1515pt x 163.20975pt>
File: ./Images//50.png Graphic file (type png)
<use ./Images//50.png>
Package pdftex.def Info: ./Images//50.png  used on input line 1995.
(pdftex.def)             Requested size: 120.69182pt x 97.92659pt.
File: UA.jpg Graphic file (type jpg)
<use UA.jpg>
Package pdftex.def Info: UA.jpg  used on input line 1999.
(pdftex.def)             Requested size: 9.02876pt x 9.02876pt.
 [41 <./Images//49.png> <./Images//50.png>]
<./Images//51.png, id=248, 215.00325pt x 142.73325pt>
File: ./Images//51.png Graphic file (type png)
<use ./Images//51.png>
Package pdftex.def Info: ./Images//51.png  used on input line 2014.
(pdftex.def)             Requested size: 129.00293pt x 85.6406pt.
<./Images//52.png, id=249, 221.02576pt x 93.34875pt>
File: ./Images//52.png Graphic file (type png)
<use ./Images//52.png>
Package pdftex.def Info: ./Images//52.png  used on input line 2027.
(pdftex.def)             Requested size: 132.61647pt x 56.00967pt.
File: UA.jpg Graphic file (type jpg)
<use UA.jpg>
Package pdftex.def Info: UA.jpg  used on input line 2042.
(pdftex.def)             Requested size: 9.02876pt x 9.02876pt.
 [42 <./Images//51.png> <./Images//52.png>]
<./Images//53.png, id=256, 440.847pt x 134.30174pt>
File: ./Images//53.png Graphic file (type png)
<use ./Images//53.png>
Package pdftex.def Info: ./Images//53.png  used on input line 2051.
(pdftex.def)             Requested size: 264.51024pt x 80.58165pt.
<./Images//54.png, id=257, 440.24475pt x 131.89275pt>
File: ./Images//54.png Graphic file (type png)
<use ./Images//54.png>
Package pdftex.def Info: ./Images//54.png  used on input line 2062.
(pdftex.def)             Requested size: 264.1489pt x 79.13625pt.
File: UA.jpg Graphic file (type jpg)
<use UA.jpg>
Package pdftex.def Info: UA.jpg  used on input line 2084.
(pdftex.def)             Requested size: 9.02876pt x 9.02876pt.
 [43 <./Images//53.png> <./Images//54.png>]
<./Images//55.png, id=263, 403.5075pt x 150.5625pt>
File: ./Images//55.png Graphic file (type png)
<use ./Images//55.png>
Package pdftex.def Info: ./Images//55.png  used on input line 2092.
(pdftex.def)             Requested size: 242.10637pt x 90.33818pt.
File: UA.jpg Graphic file (type jpg)
<use UA.jpg>
Package pdftex.def Info: UA.jpg  used on input line 2131.
(pdftex.def)             Requested size: 9.02876pt x 9.02876pt.
 [44 <./Images//55.png>]
<./Images//56.png, id=268, 402.303pt x 272.81924pt>
File: ./Images//56.png Graphic file (type png)
<use ./Images//56.png>
Package pdftex.def Info: ./Images//56.png  used on input line 2135.
(pdftex.def)             Requested size: 241.38365pt x 163.6928pt.
File: UA.jpg Graphic file (type jpg)
<use UA.jpg>
Package pdftex.def Info: UA.jpg  used on input line 2177.
(pdftex.def)             Requested size: 9.02876pt x 9.02876pt.
 [45 <./Images//56.png>]
Overfull \hbox (20.21169pt too wide) in paragraph at lines 2216--2221
[]\OT1/cmr/m/n/10 Caso contr^^Sario, pode acon-te-cer o anti-pattern \OT1/cmr/bx/n/10 Ground-hog Day\OT1/cmr/m/n/10 , que diz que |   []   |   []
 []

File: UA.jpg Graphic file (type jpg)
<use UA.jpg>
Package pdftex.def Info: UA.jpg  used on input line 2247.
(pdftex.def)             Requested size: 9.02876pt x 9.02876pt.
[46]
<./Images//57.png, id=276, 133.09724pt x 160.1985pt>
File: ./Images//57.png Graphic file (type png)
<use ./Images//57.png>
Package pdftex.def Info: ./Images//57.png  used on input line 2273.
(pdftex.def)             Requested size: 79.85895pt x 96.11983pt.
<./Images//58.png, id=277, 268.00125pt x 101.78024pt>
File: ./Images//58.png Graphic file (type png)
<use ./Images//58.png>
Package pdftex.def Info: ./Images//58.png  used on input line 2282.
(pdftex.def)             Requested size: 160.80197pt x 61.06859pt.
<./Images//59.png, id=278, 396.88275pt x 56.6115pt>
File: ./Images//59.png Graphic file (type png)
<use ./Images//59.png>
Package pdftex.def Info: ./Images//59.png  used on input line 2291.
(pdftex.def)             Requested size: 238.13148pt x 33.96715pt.
File: UA.jpg Graphic file (type jpg)
<use UA.jpg>
Package pdftex.def Info: UA.jpg  used on input line 2296.
(pdftex.def)             Requested size: 9.02876pt x 9.02876pt.
 [47 <./Images//57.png> <./Images//58.png> <./Images//59.png>]
Overfull \hbox (3.65079pt too wide) in paragraph at lines 2299--2303
[]\OT1/cmr/m/n/10 Tem por base dois com-po-nentes: a \OT1/cmr/bx/n/10 core \OT1/cmr/m/n/10 ap-pli-ca-tion/sys-tem (est^^Savel) e os \OT1/cmr/bx/n/10 plu-g-ins \OT1/cmr/m/n/10 (din^amicos).
 []

<./Images//60.png, id=285, 159.59625pt x 105.996pt>
File: ./Images//60.png Graphic file (type png)
<use ./Images//60.png>
Package pdftex.def Info: ./Images//60.png  used on input line 2305.
(pdftex.def)             Requested size: 111.7166pt x 74.19669pt.
<./Images//61.png, id=286, 303.534pt x 230.66174pt>
File: ./Images//61.png Graphic file (type png)
<use ./Images//61.png>
Package pdftex.def Info: ./Images//61.png  used on input line 2329.
(pdftex.def)             Requested size: 166.9442pt x 126.86433pt.
File: UA.jpg Graphic file (type jpg)
<use UA.jpg>
Package pdftex.def Info: UA.jpg  used on input line 2349.
(pdftex.def)             Requested size: 9.02876pt x 9.02876pt.
[48 <./Images//60.png> <./Images//61.png>]
<./Images//62.png, id=293, 672.71326pt x 201.1515pt>
File: ./Images//62.png Graphic file (type png)
<use ./Images//62.png>
Package pdftex.def Info: ./Images//62.png  used on input line 2359.
(pdftex.def)             Requested size: 369.99342pt x 110.63365pt.
<./Images//63.png, id=294, 408.3255pt x 207.174pt>
File: ./Images//63.png Graphic file (type png)
<use ./Images//63.png>
Package pdftex.def Info: ./Images//63.png  used on input line 2389.
(pdftex.def)             Requested size: 224.57971pt x 113.94603pt.
File: UA.jpg Graphic file (type jpg)
<use UA.jpg>
Package pdftex.def Info: UA.jpg  used on input line 2393.
(pdftex.def)             Requested size: 9.02876pt x 9.02876pt.
 [49 <./Images//62.png> <./Images//63.png>]
<./Images//64.png, id=301, 263.7855pt x 162.6075pt>
File: ./Images//64.png Graphic file (type png)
<use ./Images//64.png>
Package pdftex.def Info: ./Images//64.png  used on input line 2399.
(pdftex.def)             Requested size: 145.08246pt x 89.43439pt.
<./Images//65.png, id=302, 704.03024pt x 389.65575pt>
File: ./Images//65.png Graphic file (type png)
<use ./Images//65.png>
Package pdftex.def Info: ./Images//65.png  used on input line 2435.
(pdftex.def)             Requested size: 267.53427pt x 148.07071pt.
File: UA.jpg Graphic file (type jpg)
<use UA.jpg>
Package pdftex.def Info: UA.jpg  used on input line 2439.
(pdftex.def)             Requested size: 9.02876pt x 9.02876pt.
 [50 <./Images//64.png> <./Images//65.png>]
<./Images//66.png, id=308, 688.974pt x 407.121pt>
File: ./Images//66.png Graphic file (type png)
<use ./Images//66.png>
Package pdftex.def Info: ./Images//66.png  used on input line 2466.
(pdftex.def)             Requested size: 275.58472pt x 162.8455pt.
File: UA.jpg Graphic file (type jpg)
<use UA.jpg>
Package pdftex.def Info: UA.jpg  used on input line 2489.
(pdftex.def)             Requested size: 9.02876pt x 9.02876pt.
 [51 <./Images//66.png>]
<./Images//67.png, id=313, 336.0555pt x 208.98074pt>
File: ./Images//67.png Graphic file (type png)
<use ./Images//67.png>
Package pdftex.def Info: ./Images//67.png  used on input line 2491.
(pdftex.def)             Requested size: 134.41982pt x 83.5908pt.
<./Images//68.png, id=314, 311.9655pt x 366.168pt>
File: ./Images//68.png Graphic file (type png)
<use ./Images//68.png>
Package pdftex.def Info: ./Images//68.png  used on input line 2492.
(pdftex.def)             Requested size: 124.78398pt x 146.4646pt.

Overfull \hbox (2.55267pt too wide) in paragraph at lines 2505--2506
[]\OT1/cmr/m/n/10 aplica^^Xc~oes dis-tribuidas de-sen-volvi-das uti-lizando uma ar-quite-tura ori-en-tada a servi^^Xcos (SOA); 
 []

<./Images//69.png, id=315, 222.8325pt x 138.5175pt>
File: ./Images//69.png Graphic file (type png)
<use ./Images//69.png>
Package pdftex.def Info: ./Images//69.png  used on input line 2531.
(pdftex.def)             Requested size: 111.41597pt x 69.25858pt.
File: UA.jpg Graphic file (type jpg)
<use UA.jpg>
Package pdftex.def Info: UA.jpg  used on input line 2541.
(pdftex.def)             Requested size: 9.02876pt x 9.02876pt.
[52 <./Images//67.png> <./Images//68.png> <./Images//69.png>]
<./Images//70.png, id=322, 681.747pt x 341.47575pt>
File: ./Images//70.png Graphic file (type png)
<use ./Images//70.png>
Package pdftex.def Info: ./Images//70.png  used on input line 2546.
(pdftex.def)             Requested size: 340.87265pt x 170.73746pt.
<./Images//71.png, id=323, 374.5995pt x 202.356pt>
File: ./Images//71.png Graphic file (type png)
<use ./Images//71.png>
Package pdftex.def Info: ./Images//71.png  used on input line 2568.
(pdftex.def)             Requested size: 187.29929pt x 101.17775pt.
File: UA.jpg Graphic file (type jpg)
<use UA.jpg>
Package pdftex.def Info: UA.jpg  used on input line 2582.
(pdftex.def)             Requested size: 9.02876pt x 9.02876pt.
 [53 <./Images//70.png> <./Images//71.png>]
<./Images//72.png, id=329, 581.7735pt x 156.585pt>
File: ./Images//72.png Graphic file (type png)
<use ./Images//72.png>
Package pdftex.def Info: ./Images//72.png  used on input line 2596.
(pdftex.def)             Requested size: 261.79565pt x 70.46259pt.
<./Images//73.png, id=330, 645.612pt x 281.853pt>
File: ./Images//73.png Graphic file (type png)
<use ./Images//73.png>
Package pdftex.def Info: ./Images//73.png  used on input line 2604.
(pdftex.def)             Requested size: 290.52272pt x 126.83267pt.
File: UA.jpg Graphic file (type jpg)
<use UA.jpg>
Package pdftex.def Info: UA.jpg  used on input line 2637.
(pdftex.def)             Requested size: 9.02876pt x 9.02876pt.
 [54 <./Images//72.png> <./Images//73.png>]
<./Images//74.png, id=337, 249.93375pt x 107.80275pt>
File: ./Images//74.png Graphic file (type png)
<use ./Images//74.png>
Package pdftex.def Info: ./Images//74.png  used on input line 2675.
(pdftex.def)             Requested size: 149.9614pt x 64.68213pt.
File: UA.jpg Graphic file (type jpg)
<use UA.jpg>
Package pdftex.def Info: UA.jpg  used on input line 2699.
(pdftex.def)             Requested size: 9.02876pt x 9.02876pt.
 [55 <./Images//74.png>]
File: UA.jpg Graphic file (type jpg)
<use UA.jpg>
Package pdftex.def Info: UA.jpg  used on input line 2760.
(pdftex.def)             Requested size: 9.02876pt x 9.02876pt.
 [56]
<./Images//75.png, id=345, 237.88875pt x 70.46326pt>
File: ./Images//75.png Graphic file (type png)
<use ./Images//75.png>
Package pdftex.def Info: ./Images//75.png  used on input line 2774.
(pdftex.def)             Requested size: 166.52098pt x 49.32393pt.
File: UA.jpg Graphic file (type jpg)
<use UA.jpg>
Package pdftex.def Info: UA.jpg  used on input line 2804.
(pdftex.def)             Requested size: 9.02876pt x 9.02876pt.
 [57 <./Images//75.png>]
<./Images//76.png, id=350, 520.344pt x 406.51875pt>
File: ./Images//76.png Graphic file (type png)
<use ./Images//76.png>
Package pdftex.def Info: ./Images//76.png  used on input line 2840.
(pdftex.def)             Requested size: 182.12312pt x 142.28369pt.
File: UA.jpg Graphic file (type jpg)
<use UA.jpg>
Package pdftex.def Info: UA.jpg  used on input line 2847.
(pdftex.def)             Requested size: 9.02876pt x 9.02876pt.
 [58 <./Images//76.png>]
<./Images//77.png, id=355, 660.066pt x 371.58826pt>
File: ./Images//77.png Graphic file (type png)
<use ./Images//77.png>
Package pdftex.def Info: ./Images//77.png  used on input line 2901.
(pdftex.def)             Requested size: 264.02171pt x 148.63266pt.
File: UA.jpg Graphic file (type jpg)
<use UA.jpg>
Package pdftex.def Info: UA.jpg  used on input line 2902.
(pdftex.def)             Requested size: 9.02876pt x 9.02876pt.
 [59]
<./Images//78.png, id=359, 665.48625pt x 400.49625pt>
File: ./Images//78.png Graphic file (type png)
<use ./Images//78.png>
Package pdftex.def Info: ./Images//78.png  used on input line 2922.
(pdftex.def)             Requested size: 266.18977pt x 160.19566pt.
<./Images//79.png, id=360, 664.884pt x 400.49625pt>
File: ./Images//79.png Graphic file (type png)
<use ./Images//79.png>
Package pdftex.def Info: ./Images//79.png  used on input line 2928.
(pdftex.def)             Requested size: 265.94888pt x 160.19566pt.
File: UA.jpg Graphic file (type jpg)
<use UA.jpg>
Package pdftex.def Info: UA.jpg  used on input line 2929.
(pdftex.def)             Requested size: 9.02876pt x 9.02876pt.
 [60 <./Images//77.png> <./Images//78.png>]
<./Images//80.png, id=367, 284.262pt x 233.673pt>
File: ./Images//80.png Graphic file (type png)
<use ./Images//80.png>
Package pdftex.def Info: ./Images//80.png  used on input line 2939.
(pdftex.def)             Requested size: 113.70277pt x 93.46753pt.
File: UA.jpg Graphic file (type jpg)
<use UA.jpg>
Package pdftex.def Info: UA.jpg  used on input line 2960.
(pdftex.def)             Requested size: 9.02876pt x 9.02876pt.
 [61 <./Images//79.png> <./Images//80.png>]
<./Images//81.png, id=373, 166.221pt x 60.225pt>
File: ./Images//81.png Graphic file (type png)
<use ./Images//81.png>
Package pdftex.def Info: ./Images//81.png  used on input line 3013.
(pdftex.def)             Requested size: 83.11028pt x 30.11241pt.
<./Images//82.png, id=374, 198.7425pt x 87.32625pt>
File: ./Images//82.png Graphic file (type png)
<use ./Images//82.png>
Package pdftex.def Info: ./Images//82.png  used on input line 3014.
(pdftex.def)             Requested size: 99.371pt x 43.66301pt.
File: UA.jpg Graphic file (type jpg)
<use UA.jpg>
Package pdftex.def Info: UA.jpg  used on input line 3027.
(pdftex.def)             Requested size: 9.02876pt x 9.02876pt.
 [62 <./Images//81.png> <./Images//82.png>]
<./Images//83.png, id=380, 664.28175pt x 407.72325pt>
File: ./Images//83.png Graphic file (type png)
<use ./Images//83.png>
Package pdftex.def Info: ./Images//83.png  used on input line 3029.
(pdftex.def)             Requested size: 199.28606pt x 122.31792pt.
<./Images//84.png, id=381, 540.8205pt x 308.95425pt>
File: ./Images//84.png Graphic file (type png)
<use ./Images//84.png>
Package pdftex.def Info: ./Images//84.png  used on input line 3030.
(pdftex.def)             Requested size: 162.24739pt x 92.68698pt.
<./Images//85.png, id=382, 375.804pt x 176.45924pt>
File: ./Images//85.png Graphic file (type png)
<use ./Images//85.png>
Package pdftex.def Info: ./Images//85.png  used on input line 3046.
(pdftex.def)             Requested size: 187.90154pt x 88.2294pt.
File: UA.jpg Graphic file (type jpg)
<use UA.jpg>
Package pdftex.def Info: UA.jpg  used on input line 3078.
(pdftex.def)             Requested size: 9.02876pt x 9.02876pt.
 [63 <./Images//83.png> <./Images//84.png> <./Images//85.png>]
<./Images//86.png, id=389, 654.64575pt x 376.40625pt>
File: ./Images//86.png Graphic file (type png)
<use ./Images//86.png>
Package pdftex.def Info: ./Images//86.png  used on input line 3080.
(pdftex.def)             Requested size: 229.12944pt x 131.74416pt.
<./Images//87.png, id=390, 381.22424pt x 192.72pt>
File: ./Images//87.png Graphic file (type png)
<use ./Images//87.png>
Package pdftex.def Info: ./Images//87.png  used on input line 3101.
(pdftex.def)             Requested size: 190.61165pt x 96.35976pt.
<./Images//88.png, id=391, 656.4525pt x 374.5995pt>
File: ./Images//88.png Graphic file (type png)
<use ./Images//88.png>
Package pdftex.def Info: ./Images//88.png  used on input line 3102.
(pdftex.def)             Requested size: 328.22545pt x 187.29929pt.
File: UA.jpg Graphic file (type jpg)
<use UA.jpg>
Package pdftex.def Info: UA.jpg  used on input line 3106.
(pdftex.def)             Requested size: 9.02876pt x 9.02876pt.
 [64 <./Images//86.png> <./Images//87.png> <./Images//88.png>]
<./Images//89.png, id=398, 366.168pt x 62.03175pt>
File: ./Images//89.png Graphic file (type png)
<use ./Images//89.png>
Package pdftex.def Info: ./Images//89.png  used on input line 3164.
(pdftex.def)             Requested size: 183.08354pt x 31.0158pt.
File: UA.jpg Graphic file (type jpg)
<use UA.jpg>
Package pdftex.def Info: UA.jpg  used on input line 3168.
(pdftex.def)             Requested size: 9.02876pt x 9.02876pt.
 [65 <./Images//89.png>]
Overfull \hbox (1.43373pt too wide) in paragraph at lines 3176--3178
[]\OT1/cmr/m/n/10 Abordagem \OT1/cmr/bx/n/10 opin-ion-ated de-vel-op-ment\OT1/cmr/m/n/10 , de forma a fornecer al-gu-mas con-figura^^Xc~oes padr~ao
 []

<./Images//90.png, id=403, 359.54324pt x 129.48375pt>
File: ./Images//90.png Graphic file (type png)
<use ./Images//90.png>
Package pdftex.def Info: ./Images//90.png  used on input line 3203.
(pdftex.def)             Requested size: 179.77118pt x 64.7417pt.
File: UA.jpg Graphic file (type jpg)
<use UA.jpg>
Package pdftex.def Info: UA.jpg  used on input line 3223.
(pdftex.def)             Requested size: 9.02876pt x 9.02876pt.
[66 <./Images//90.png>]
Overfull \hbox (52.65645pt too wide) in paragraph at lines 3229--3233
\OT1/cmr/m/n/10 cap-turar os pe-di-dos HTTP e en-cam-inh^^Sa-los para as fun^^Xc~oes re-spons^^Saveis por cada um (\OT1/cmr/bx/n/10 @RequestMapping\OT1/cmr/m/n/10 ). 
 []

<./Images//91.png, id=409, 171.64125pt x 205.36725pt>
File: ./Images//91.png Graphic file (type png)
<use ./Images//91.png>
Package pdftex.def Info: ./Images//91.png  used on input line 3235.
(pdftex.def)             Requested size: 85.8204pt x 102.68336pt.
<./Images//92.png, id=410, 358.941pt x 208.3785pt>
File: ./Images//92.png Graphic file (type png)
<use ./Images//92.png>
Package pdftex.def Info: ./Images//92.png  used on input line 3250.
(pdftex.def)             Requested size: 179.47005pt x 104.18898pt.
<./Images//93.png, id=411, 285.4665pt x 69.25874pt>
File: ./Images//93.png Graphic file (type png)
<use ./Images//93.png>
Package pdftex.def Info: ./Images//93.png  used on input line 3251.
(pdftex.def)             Requested size: 142.7329pt x 34.62927pt.
File: UA.jpg Graphic file (type jpg)
<use UA.jpg>
Package pdftex.def Info: UA.jpg  used on input line 3269.
(pdftex.def)             Requested size: 9.02876pt x 9.02876pt.
[67 <./Images//91.png> <./Images//92.png> <./Images//93.png>]
<./Images//94.png, id=418, 303.534pt x 205.9695pt>
File: ./Images//94.png Graphic file (type png)
<use ./Images//94.png>
Package pdftex.def Info: ./Images//94.png  used on input line 3280.
(pdftex.def)             Requested size: 151.76662pt x 102.98448pt.
<./Images//95.png, id=419, 354.123pt x 202.95825pt>
File: ./Images//95.png Graphic file (type png)
<use ./Images//95.png>
Package pdftex.def Info: ./Images//95.png  used on input line 3281.
(pdftex.def)             Requested size: 177.06105pt x 101.47887pt.
<./Images//96.png, id=420, 266.1945pt x 48.78226pt>
File: ./Images//96.png Graphic file (type png)
<use ./Images//96.png>
Package pdftex.def Info: ./Images//96.png  used on input line 3298.
(pdftex.def)             Requested size: 159.71793pt x 29.26956pt.
LaTeX Font Info:    Trying to load font information for TS1+cmtt on input line 3311.
 (/usr/share/texlive/texmf-dist/tex/latex/base/ts1cmtt.fd
File: ts1cmtt.fd 2019/12/16 v2.5j Standard LaTeX font definitions
)
<./Images//97.png, id=421, 352.9185pt x 231.86626pt>
File: ./Images//97.png Graphic file (type png)
<use ./Images//97.png>
Package pdftex.def Info: ./Images//97.png  used on input line 3328.
(pdftex.def)             Requested size: 194.10577pt x 127.52682pt.
<./Images//98.png, id=422, 355.92975pt x 216.20775pt>
File: ./Images//98.png Graphic file (type png)
<use ./Images//98.png>
Package pdftex.def Info: ./Images//98.png  used on input line 3329.
(pdftex.def)             Requested size: 195.76196pt x 118.91463pt.
File: UA.jpg Graphic file (type jpg)
<use UA.jpg>
Package pdftex.def Info: UA.jpg  used on input line 3330.
(pdftex.def)             Requested size: 9.02876pt x 9.02876pt.
 [68 <./Images//94.png> <./Images//95.png> <./Images//96.png>]
<./Images//99.png, id=431, 472.164pt x 395.076pt>
File: ./Images//99.png Graphic file (type png)
<use ./Images//99.png>
Package pdftex.def Info: ./Images//99.png  used on input line 3337.
(pdftex.def)             Requested size: 188.86224pt x 158.02759pt.
File: UA.jpg Graphic file (type jpg)
<use UA.jpg>
Package pdftex.def Info: UA.jpg  used on input line 3352.
(pdftex.def)             Requested size: 9.02876pt x 9.02876pt.
 [69 <./Images//97.png> <./Images//98.png> <./Images//99.png>]
<./Images//100.png, id=438, 181.8795pt x 74.679pt>
File: ./Images//100.png Graphic file (type png)
<use ./Images//100.png>
Package pdftex.def Info: ./Images//100.png  used on input line 3361.
(pdftex.def)             Requested size: 109.12852pt x 44.80772pt.
<./Images//101.png, id=439, 278.2395pt x 130.68825pt>
File: ./Images//101.png Graphic file (type png)
<use ./Images//101.png>
Package pdftex.def Info: ./Images//101.png  used on input line 3393.
(pdftex.def)             Requested size: 139.1194pt x 65.34395pt.
File: UA.jpg Graphic file (type jpg)
<use UA.jpg>
Package pdftex.def Info: UA.jpg  used on input line 3405.
(pdftex.def)             Requested size: 9.02876pt x 9.02876pt.
 [70 <./Images//100.png> <./Images//101.png>]
<./Images//102.png, id=445, 582.978pt x 89.133pt>
File: ./Images//102.png Graphic file (type png)
<use ./Images//102.png>
Package pdftex.def Info: ./Images//102.png  used on input line 3434.
(pdftex.def)             Requested size: 466.38303pt x 71.30647pt.

Overfull \hbox (48.12935pt too wide) in paragraph at lines 3434--3435
 [] 
 []

<./Images//103.png, id=446, 373.99725pt x 85.5195pt>
File: ./Images//103.png Graphic file (type png)
<use ./Images//103.png>
Package pdftex.def Info: ./Images//103.png  used on input line 3444.
(pdftex.def)             Requested size: 299.1982pt x 68.41566pt.
File: UA.jpg Graphic file (type jpg)
<use UA.jpg>
Package pdftex.def Info: UA.jpg  used on input line 3453.
(pdftex.def)             Requested size: 9.02876pt x 9.02876pt.
[71 <./Images//102.png> <./Images//103.png>]
Overfull \hbox (0.56738pt too wide) in paragraph at lines 3492--3494
[]\OT1/cmr/bx/n/10 Codebase: \OT1/cmr/m/n/10 Deve haver uma as-so-cia^^Xc~ao de um para um en-tre cada servi^^Xco e o seu reposit^^Sorio
 []

File: UA.jpg Graphic file (type jpg)
<use UA.jpg>
Package pdftex.def Info: UA.jpg  used on input line 3507.
(pdftex.def)             Requested size: 9.02876pt x 9.02876pt.
[72]
File: UA.jpg Graphic file (type jpg)
<use UA.jpg>
Package pdftex.def Info: UA.jpg  used on input line 3553.
(pdftex.def)             Requested size: 9.02876pt x 9.02876pt.
 [73]
Overfull \hbox (4.10818pt too wide) in paragraph at lines 3559--3563
\OT1/cmr/m/n/10 destes com-po-nentes pode ser de-sen-volvido numa lin-guagem de pro-grama^^Xc~ao difer-ente, sem preju^^S^^Pzo
 []

<./Images//104.png, id=459, 308.352pt x 224.63925pt>
File: ./Images//104.png Graphic file (type png)
<use ./Images//104.png>
Package pdftex.def Info: ./Images//104.png  used on input line 3582.
(pdftex.def)             Requested size: 154.17561pt x 112.31934pt.
File: UA.jpg Graphic file (type jpg)
<use UA.jpg>
Package pdftex.def Info: UA.jpg  used on input line 3617.
(pdftex.def)             Requested size: 9.02876pt x 9.02876pt.
[74 <./Images//104.png>]
LaTeX Font Info:    Trying to load font information for OMS+cmr on input line 3673.
 (/usr/share/texlive/texmf-dist/tex/latex/base/omscmr.fd
File: omscmr.fd 2019/12/16 v2.5j Standard LaTeX font definitions
)
LaTeX Font Info:    Font shape `OMS/cmr/m/n' in size <10> not available
(Font)              Font shape `OMS/cmsy/m/n' tried instead on input line 3673.
File: UA.jpg Graphic file (type jpg)
<use UA.jpg>
Package pdftex.def Info: UA.jpg  used on input line 3686.
(pdftex.def)             Requested size: 9.02876pt x 9.02876pt.
 [75]
<./Images//105.png, id=467, 948.54375pt x 175.25475pt>
File: ./Images//105.png Graphic file (type png)
<use ./Images//105.png>
Package pdftex.def Info: ./Images//105.png  used on input line 3697.
(pdftex.def)             Requested size: 474.2707pt x 87.62715pt.

Overfull \hbox (56.01703pt too wide) in paragraph at lines 3697--3698
 [] 
 []

File: UA.jpg Graphic file (type jpg)
<use UA.jpg>
Package pdftex.def Info: UA.jpg  used on input line 3738.
(pdftex.def)             Requested size: 9.02876pt x 9.02876pt.
[76 <./Images//105.png>]
File: UA.jpg Graphic file (type jpg)
<use UA.jpg>
Package pdftex.def Info: UA.jpg  used on input line 3792.
(pdftex.def)             Requested size: 9.02876pt x 9.02876pt.
 [77]
File: UA.jpg Graphic file (type jpg)
<use UA.jpg>
Package pdftex.def Info: UA.jpg  used on input line 3853.
(pdftex.def)             Requested size: 9.02876pt x 9.02876pt.
 [78]
<./Images//106.png, id=479, 355.92975pt x 195.129pt>
File: ./Images//106.png Graphic file (type png)
<use ./Images//106.png>
Package pdftex.def Info: ./Images//106.png  used on input line 3904.
(pdftex.def)             Requested size: 177.96443pt x 97.56425pt.
<./Images//107.png, id=480, 358.941pt x 189.70876pt>
File: ./Images//107.png Graphic file (type png)
<use ./Images//107.png>
Package pdftex.def Info: ./Images//107.png  used on input line 3905.
(pdftex.def)             Requested size: 179.47005pt x 94.85414pt.
File: UA.jpg Graphic file (type jpg)
<use UA.jpg>
Package pdftex.def Info: UA.jpg  used on input line 3919.
(pdftex.def)             Requested size: 9.02876pt x 9.02876pt.
 [79 <./Images//106.png> <./Images//107.png>]
File: UA.jpg Graphic file (type jpg)
<use UA.jpg>
Package pdftex.def Info: UA.jpg  used on input line 3977.
(pdftex.def)             Requested size: 9.02876pt x 9.02876pt.
 [80]
File: UA.jpg Graphic file (type jpg)
<use UA.jpg>
Package pdftex.def Info: UA.jpg  used on input line 4053.
(pdftex.def)             Requested size: 9.02876pt x 9.02876pt.
 [81]
<./Images//108.png, id=492, 188.50426pt x 63.8385pt>
File: ./Images//108.png Graphic file (type png)
<use ./Images//108.png>
Package pdftex.def Info: ./Images//108.png  used on input line 4061.
(pdftex.def)             Requested size: 150.80359pt x 51.07085pt.
<./Images//109.png, id=493, 252.34274pt x 58.41824pt>
File: ./Images//109.png Graphic file (type png)
<use ./Images//109.png>
Package pdftex.def Info: ./Images//109.png  used on input line 4069.
(pdftex.def)             Requested size: 201.87445pt x 46.73465pt.
<./Images//110.png, id=494, 317.38576pt x 149.96025pt>
File: ./Images//110.png Graphic file (type png)
<use ./Images//110.png>
Package pdftex.def Info: ./Images//110.png  used on input line 4104.
(pdftex.def)             Requested size: 190.43292pt x 89.97682pt.
File: UA.jpg Graphic file (type jpg)
<use UA.jpg>
Package pdftex.def Info: UA.jpg  used on input line 4108.
(pdftex.def)             Requested size: 9.02876pt x 9.02876pt.
 [82 <./Images//108.png> <./Images//109.png> <./Images//110.png>]
<./Images//111.png, id=501, 369.17924pt x 194.52675pt>
File: ./Images//111.png Graphic file (type png)
<use ./Images//111.png>
Package pdftex.def Info: ./Images//111.png  used on input line 4142.
(pdftex.def)             Requested size: 221.50925pt x 116.71693pt.
File: UA.jpg Graphic file (type jpg)
<use UA.jpg>
Package pdftex.def Info: UA.jpg  used on input line 4151.
(pdftex.def)             Requested size: 9.02876pt x 9.02876pt.
 [83 <./Images//111.png>]
<./Images//112.png, id=506, 638.385pt x 174.6525pt>
File: ./Images//112.png Graphic file (type png)
<use ./Images//112.png>
Package pdftex.def Info: ./Images//112.png  used on input line 4153.
(pdftex.def)             Requested size: 383.03394pt x 104.7923pt.
File: UA.jpg Graphic file (type jpg)
<use UA.jpg>
Package pdftex.def Info: UA.jpg  used on input line 4202.
(pdftex.def)             Requested size: 9.02876pt x 9.02876pt.
 [84 <./Images//112.png>]
<./Images//113.png, id=512, 344.487pt x 138.5175pt>
File: ./Images//113.png Graphic file (type png)
<use ./Images//113.png>
Package pdftex.def Info: ./Images//113.png  used on input line 4214.
(pdftex.def)             Requested size: 206.69379pt x 83.11113pt.
<./Images//114.png, id=513, 328.22626pt x 166.82326pt>
File: ./Images//114.png Graphic file (type png)
<use ./Images//114.png>
Package pdftex.def Info: ./Images//114.png  used on input line 4222.
(pdftex.def)             Requested size: 196.93727pt x 100.09471pt.
File: UA.jpg Graphic file (type jpg)
<use UA.jpg>
Package pdftex.def Info: UA.jpg  used on input line 4261.
(pdftex.def)             Requested size: 9.02876pt x 9.02876pt.
 [85 <./Images//113.png> <./Images//114.png>]
<./Images//115.png, id=519, 457.71pt x 248.127pt>
File: ./Images//115.png Graphic file (type png)
<use ./Images//115.png>
Package pdftex.def Info: ./Images//115.png  used on input line 4274.
(pdftex.def)             Requested size: 183.08075pt x 99.24902pt.
<./Images//116.png, id=520, 453.49425pt x 228.855pt>
File: ./Images//116.png Graphic file (type png)
<use ./Images//116.png>
Package pdftex.def Info: ./Images//116.png  used on input line 4275.
(pdftex.def)             Requested size: 181.39449pt x 91.54037pt.
File: UA.jpg Graphic file (type jpg)
<use UA.jpg>
Package pdftex.def Info: UA.jpg  used on input line 4342.
(pdftex.def)             Requested size: 9.02876pt x 9.02876pt.
 [86 <./Images//115.png> <./Images//116.png>]
<./Images//117.png, id=526, 473.3685pt x 225.84375pt>
File: ./Images//117.png Graphic file (type png)
<use ./Images//117.png>
Package pdftex.def Info: ./Images//117.png  used on input line 4364.
(pdftex.def)             Requested size: 284.02328pt x 135.50728pt.
<./Images//118.png, id=527, 460.72125pt x 130.68825pt>
File: ./Images//118.png Graphic file (type png)
<use ./Images//118.png>
Package pdftex.def Info: ./Images//118.png  used on input line 4376.
(pdftex.def)             Requested size: 276.43488pt x 78.41354pt.
File: UA.jpg Graphic file (type jpg)
<use UA.jpg>
Package pdftex.def Info: UA.jpg  used on input line 4395.
(pdftex.def)             Requested size: 9.02876pt x 9.02876pt.
 [87 <./Images//117.png> <./Images//118.png>]
<./Images//119.png, id=533, 341.47575pt x 263.7855pt>
File: ./Images//119.png Graphic file (type png)
<use ./Images//119.png>
Package pdftex.def Info: ./Images//119.png  used on input line 4437.
(pdftex.def)             Requested size: 170.73746pt x 131.89243pt.
File: UA.jpg Graphic file (type jpg)
<use UA.jpg>
Package pdftex.def Info: UA.jpg  used on input line 4450.
(pdftex.def)             Requested size: 9.02876pt x 9.02876pt.
 [88 <./Images//119.png>]
<./Images//120.png, id=538, 427.5975pt x 286.671pt>
File: ./Images//120.png Graphic file (type png)
<use ./Images//120.png>
Package pdftex.def Info: ./Images//120.png  used on input line 4508.
(pdftex.def)             Requested size: 213.79822pt x 143.33514pt.
File: UA.jpg Graphic file (type jpg)
<use UA.jpg>
Package pdftex.def Info: UA.jpg  used on input line 4512.
(pdftex.def)             Requested size: 9.02876pt x 9.02876pt.
 [89 <./Images//120.png>]
File: UA.jpg Graphic file (type jpg)
<use UA.jpg>
Package pdftex.def Info: UA.jpg  used on input line 4526.
(pdftex.def)             Requested size: 9.02876pt x 9.02876pt.
 [90] (./Resumos.aux) ) 
Here is how much of TeX's memory you used:
 6789 strings out of 480247
 102376 string characters out of 5896150
 565917 words of memory out of 5000000
 24662 multiletter control sequences out of 15000+600000
 478672 words of font info for 65 fonts, out of 8000000 for 9000
 14 hyphenation exceptions out of 8191
 55i,15n,62p,245b,1384s stack positions out of 5000i,500n,10000p,200000b,80000s
 </home/mendes/.texlive2021/texmf-var/fonts/pk/ljfour/jknappen/ec/tctt0900.600pk> </home/mendes/.texlive2021/texmf-var/fonts/pk/ljfour/jknappen/ec/tcrm1000.600pk></usr/share/texlive/texmf-dist/fonts/type1/public/amsfonts/cm/cmbx10.pfb></usr/share/texlive/texmf-dist/fonts/type1/public/amsfonts/cm/cmbx12.pfb></usr/share/texlive/texmf-dist/fonts/type1/public/amsfonts/cm/cmmi10.pfb></usr/share/texlive/texmf-dist/fonts/type1/public/amsfonts/cm/cmr10.pfb></usr/share/texlive/texmf-dist/fonts/type1/public/amsfonts/cm/cmr12.pfb></usr/share/texlive/texmf-dist/fonts/type1/public/amsfonts/cm/cmr17.pfb></usr/share/texlive/texmf-dist/fonts/type1/public/amsfonts/cm/cmsy10.pfb></usr/share/texlive/texmf-dist/fonts/type1/public/amsfonts/cm/cmti10.pfb></usr/share/texlive/texmf-dist/fonts/type1/public/amsfonts/cm/cmtt9.pfb>
Output written on Resumos.pdf (91 pages, 9520405 bytes).
PDF statistics:
 600 PDF objects out of 1000 (max. 8388607)
 239 compressed objects within 3 object streams
 0 named destinations out of 1000 (max. 500000)
 611 words of extra memory for PDF output out of 10000 (max. 10000000)

